0 info it worked if it ends with ok
1 verbose cli [ '/usr/local/bin/node',
1 verbose cli   '/usr/local/bin/npm',
1 verbose cli   'install',
1 verbose cli   'whatwg-fetvh' ]
2 info using npm@2.11.3
3 info using node@v0.12.7
4 verbose install initial load of /Users/shchglovviktor/Dropbox/orphius/package.json
5 warn package.json orph@1.0.0 No repository field.
6 verbose installManyTop reading scoped package data from /Users/shchglovviktor/Dropbox/orphius/node_modules/browserify/package.json
7 verbose installManyTop reading scoped package data from /Users/shchglovviktor/Dropbox/orphius/node_modules/gulp/package.json
8 verbose installManyTop reading scoped package data from /Users/shchglovviktor/Dropbox/orphius/node_modules/gulp-concat/package.json
9 verbose installManyTop reading scoped package data from /Users/shchglovviktor/Dropbox/orphius/node_modules/gulp-react/package.json
10 verbose installManyTop reading scoped package data from /Users/shchglovviktor/Dropbox/orphius/node_modules/gulp-sass/package.json
11 verbose installManyTop reading scoped package data from /Users/shchglovviktor/Dropbox/orphius/node_modules/gulp-server-livereload/package.json
12 verbose installManyTop reading scoped package data from /Users/shchglovviktor/Dropbox/orphius/node_modules/gulp-util/package.json
13 verbose installManyTop reading scoped package data from /Users/shchglovviktor/Dropbox/orphius/node_modules/gulp-watch/package.json
14 verbose installManyTop reading scoped package data from /Users/shchglovviktor/Dropbox/orphius/node_modules/node-notifier/package.json
15 verbose installManyTop reading scoped package data from /Users/shchglovviktor/Dropbox/orphius/node_modules/node-sass/package.json
16 verbose installManyTop reading scoped package data from /Users/shchglovviktor/Dropbox/orphius/node_modules/react/package.json
17 verbose installManyTop reading scoped package data from /Users/shchglovviktor/Dropbox/orphius/node_modules/react-router/package.json
18 verbose installManyTop reading scoped package data from /Users/shchglovviktor/Dropbox/orphius/node_modules/reactify/package.json
19 verbose installManyTop reading scoped package data from /Users/shchglovviktor/Dropbox/orphius/node_modules/vinyl-source-stream/package.json
20 verbose installManyTop reading scoped package data from /Users/shchglovviktor/Dropbox/orphius/node_modules/watchify/package.json
21 verbose installManyTop reading scoped package data from /Users/shchglovviktor/Dropbox/orphius/node_modules/whatwg-fetch/package.json
22 info package.json whatwg-fetch@0.10.0 No license field.
23 verbose readDependencies loading dependencies from /Users/shchglovviktor/Dropbox/orphius/package.json
24 silly cache add args [ 'whatwg-fetvh', null ]
25 verbose cache add spec whatwg-fetvh
26 silly cache add parsed spec { raw: 'whatwg-fetvh',
26 silly cache add   scope: null,
26 silly cache add   name: 'whatwg-fetvh',
26 silly cache add   rawSpec: '',
26 silly cache add   spec: '*',
26 silly cache add   type: 'range' }
27 silly addNamed whatwg-fetvh@*
28 verbose addNamed "*" is a valid semver range for whatwg-fetvh
29 silly addNameRange { name: 'whatwg-fetvh', range: '*', hasData: false }
30 silly mapToRegistry name whatwg-fetvh
31 silly mapToRegistry using default registry
32 silly mapToRegistry registry https://registry.npmjs.org/
33 silly mapToRegistry uri https://registry.npmjs.org/whatwg-fetvh
34 verbose addNameRange registry:https://registry.npmjs.org/whatwg-fetvh not in flight; fetching
35 verbose request uri https://registry.npmjs.org/whatwg-fetvh
36 verbose request no auth needed
37 info attempt registry request try #1 at 17:57:57
38 verbose request id c22b9f775cbd0339
39 http request GET https://registry.npmjs.org/whatwg-fetvh
40 http 404 https://registry.npmjs.org/whatwg-fetvh
41 verbose headers { 'content-type': 'application/json',
41 verbose headers   'cache-control': 'max-age=0',
41 verbose headers   'content-length': '2',
41 verbose headers   'accept-ranges': 'bytes',
41 verbose headers   date: 'Sun, 25 Oct 2015 14:57:57 GMT',
41 verbose headers   via: '1.1 varnish',
41 verbose headers   age: '0',
41 verbose headers   connection: 'keep-alive',
41 verbose headers   'x-served-by': 'cache-fra1241-FRA',
41 verbose headers   'x-cache': 'MISS',
41 verbose headers   'x-cache-hits': '0',
41 verbose headers   'x-timer': 'S1445785077.405772,VS0,VE438' }
42 silly get cb [ 404,
42 silly get   { 'content-type': 'application/json',
42 silly get     'cache-control': 'max-age=0',
42 silly get     'content-length': '2',
42 silly get     'accept-ranges': 'bytes',
42 silly get     date: 'Sun, 25 Oct 2015 14:57:57 GMT',
42 silly get     via: '1.1 varnish',
42 silly get     age: '0',
42 silly get     connection: 'keep-alive',
42 silly get     'x-served-by': 'cache-fra1241-FRA',
42 silly get     'x-cache': 'MISS',
42 silly get     'x-cache-hits': '0',
42 silly get     'x-timer': 'S1445785077.405772,VS0,VE438' } ]
43 verbose stack Error: Registry returned 404 for GET on https://registry.npmjs.org/whatwg-fetvh
43 verbose stack     at CachingRegistryClient.<anonymous> (/usr/local/lib/node_modules/npm/node_modules/npm-registry-client/lib/request.js:239:14)
43 verbose stack     at Request._callback (/usr/local/lib/node_modules/npm/node_modules/npm-registry-client/lib/request.js:170:14)
43 verbose stack     at Request.self.callback (/usr/local/lib/node_modules/npm/node_modules/request/request.js:354:22)
43 verbose stack     at Request.emit (events.js:110:17)
43 verbose stack     at Request.<anonymous> (/usr/local/lib/node_modules/npm/node_modules/request/request.js:1207:14)
43 verbose stack     at Request.emit (events.js:129:20)
43 verbose stack     at IncomingMessage.<anonymous> (/usr/local/lib/node_modules/npm/node_modules/request/request.js:1153:12)
43 verbose stack     at IncomingMessage.emit (events.js:129:20)
43 verbose stack     at _stream_readable.js:908:16
43 verbose stack     at process._tickCallback (node.js:355:11)
44 verbose statusCode 404
45 verbose pkgid whatwg-fetvh
46 verbose cwd /Users/shchglovviktor/Dropbox/orphius
47 error Darwin 15.0.0
48 error argv "/usr/local/bin/node" "/usr/local/bin/npm" "install" "whatwg-fetvh"
49 error node v0.12.7
50 error npm  v2.11.3
51 error code E404
52 error 404 Registry returned 404 for GET on https://registry.npmjs.org/whatwg-fetvh
52 error 404
52 error 404 'whatwg-fetvh' is not in the npm registry.
52 error 404 You should bug the author to publish it (or use the name yourself!)
52 error 404 It was specified as a dependency of 'orph'
52 error 404
52 error 404 Note that you can also install from a
52 error 404 tarball, folder, http url, or git url.
53 verbose exit [ 1, true ]
